<?xml version="1.0" encoding="UTF-8"?>
<testsuite name="housing.AppTest" tests="1" skipped="0" failures="0" errors="0" timestamp="2022-05-23T21:31:17" hostname="lailas-MacBook-Pro-2.local" time="0.002">
  <properties/>
  <testcase name="appHasAGreeting" classname="housing.AppTest" time="0.002"/>
  <system-out><![CDATA[]]></system-out>
  <system-err><![CDATA[]]></system-err>
</testsuite>
