<?xml version="1.0" encoding="UTF-8"?>
<testsuite name="boligen.AppTest" tests="1" skipped="0" failures="0" errors="0" timestamp="2022-05-23T10:53:28" hostname="lailas-MacBook-Pro-2.local" time="0.015">
  <properties/>
  <testcase name="appHasAGreeting" classname="boligen.AppTest" time="0.015"/>
  <system-out><![CDATA[]]></system-out>
  <system-err><![CDATA[]]></system-err>
</testsuite>
